{"/home/maurimelo/dev/Gourmet/src/gourmet/index.ts": {"path":"/home/maurimelo/dev/Gourmet/src/gourmet/index.ts","all":false,"statementMap":{"0":{"start":{"line":1,"column":0},"end":{"line":1,"column":23}},"1":{"start":{"line":2,"column":0},"end":{"line":2,"column":16}},"2":{"start":{"line":3,"column":0},"end":{"line":3,"column":15}},"3":{"start":{"line":4,"column":0},"end":{"line":4,"column":15}},"4":{"start":{"line":5,"column":0},"end":{"line":5,"column":18}},"5":{"start":{"line":6,"column":0},"end":{"line":6,"column":1}},"6":{"start":{"line":7,"column":0},"end":{"line":7,"column":0}},"7":{"start":{"line":8,"column":0},"end":{"line":8,"column":27}},"8":{"start":{"line":9,"column":0},"end":{"line":9,"column":58}},"9":{"start":{"line":10,"column":0},"end":{"line":10,"column":13}},"10":{"start":{"line":11,"column":0},"end":{"line":11,"column":1}},"11":{"start":{"line":12,"column":0},"end":{"line":12,"column":0}},"12":{"start":{"line":13,"column":0},"end":{"line":13,"column":41}},"13":{"start":{"line":14,"column":0},"end":{"line":14,"column":39}},"14":{"start":{"line":15,"column":0},"end":{"line":15,"column":3}},"15":{"start":{"line":16,"column":0},"end":{"line":16,"column":20}},"16":{"start":{"line":17,"column":0},"end":{"line":17,"column":18}},"17":{"start":{"line":18,"column":0},"end":{"line":18,"column":16}},"18":{"start":{"line":19,"column":0},"end":{"line":19,"column":4}},"19":{"start":{"line":20,"column":0},"end":{"line":20,"column":3}},"20":{"start":{"line":21,"column":0},"end":{"line":21,"column":30}},"21":{"start":{"line":22,"column":0},"end":{"line":22,"column":17}},"22":{"start":{"line":23,"column":0},"end":{"line":23,"column":16}},"23":{"start":{"line":24,"column":0},"end":{"line":24,"column":4}},"24":{"start":{"line":25,"column":0},"end":{"line":25,"column":2}},"25":{"start":{"line":26,"column":0},"end":{"line":26,"column":0}},"26":{"start":{"line":27,"column":0},"end":{"line":27,"column":30}},"27":{"start":{"line":28,"column":0},"end":{"line":28,"column":44}},"28":{"start":{"line":29,"column":0},"end":{"line":29,"column":0}},"29":{"start":{"line":30,"column":0},"end":{"line":30,"column":35}},"30":{"start":{"line":31,"column":0},"end":{"line":31,"column":0}},"31":{"start":{"line":32,"column":0},"end":{"line":32,"column":32}},"32":{"start":{"line":33,"column":0},"end":{"line":33,"column":0}},"33":{"start":{"line":34,"column":0},"end":{"line":34,"column":5}},"34":{"start":{"line":35,"column":0},"end":{"line":35,"column":81}},"35":{"start":{"line":36,"column":0},"end":{"line":36,"column":5}},"36":{"start":{"line":37,"column":0},"end":{"line":37,"column":17}},"37":{"start":{"line":38,"column":0},"end":{"line":38,"column":35}},"38":{"start":{"line":39,"column":0},"end":{"line":39,"column":35}},"39":{"start":{"line":40,"column":0},"end":{"line":40,"column":3}},"40":{"start":{"line":41,"column":0},"end":{"line":41,"column":0}},"41":{"start":{"line":42,"column":0},"end":{"line":42,"column":5}},"42":{"start":{"line":43,"column":0},"end":{"line":43,"column":32}},"43":{"start":{"line":44,"column":0},"end":{"line":44,"column":5}},"44":{"start":{"line":45,"column":0},"end":{"line":45,"column":29}},"45":{"start":{"line":46,"column":0},"end":{"line":46,"column":23}},"46":{"start":{"line":47,"column":0},"end":{"line":47,"column":26}},"47":{"start":{"line":48,"column":0},"end":{"line":48,"column":44}},"48":{"start":{"line":49,"column":0},"end":{"line":49,"column":3}},"49":{"start":{"line":50,"column":0},"end":{"line":50,"column":0}},"50":{"start":{"line":51,"column":0},"end":{"line":51,"column":5}},"51":{"start":{"line":52,"column":0},"end":{"line":52,"column":69}},"52":{"start":{"line":53,"column":0},"end":{"line":53,"column":21}},"53":{"start":{"line":54,"column":0},"end":{"line":54,"column":23}},"54":{"start":{"line":55,"column":0},"end":{"line":55,"column":5}},"55":{"start":{"line":56,"column":0},"end":{"line":56,"column":66}},"56":{"start":{"line":57,"column":0},"end":{"line":57,"column":33}},"57":{"start":{"line":58,"column":0},"end":{"line":58,"column":14}},"58":{"start":{"line":59,"column":0},"end":{"line":59,"column":53}},"59":{"start":{"line":60,"column":0},"end":{"line":60,"column":44}},"60":{"start":{"line":61,"column":0},"end":{"line":61,"column":66}},"61":{"start":{"line":62,"column":0},"end":{"line":62,"column":7}},"62":{"start":{"line":63,"column":0},"end":{"line":63,"column":0}},"63":{"start":{"line":64,"column":0},"end":{"line":64,"column":38}},"64":{"start":{"line":65,"column":0},"end":{"line":65,"column":34}},"65":{"start":{"line":66,"column":0},"end":{"line":66,"column":5}},"66":{"start":{"line":67,"column":0},"end":{"line":67,"column":0}},"67":{"start":{"line":68,"column":0},"end":{"line":68,"column":63}},"68":{"start":{"line":69,"column":0},"end":{"line":69,"column":42}},"69":{"start":{"line":70,"column":0},"end":{"line":70,"column":74}},"70":{"start":{"line":71,"column":0},"end":{"line":71,"column":29}},"71":{"start":{"line":72,"column":0},"end":{"line":72,"column":22}},"72":{"start":{"line":73,"column":0},"end":{"line":73,"column":5}},"73":{"start":{"line":74,"column":0},"end":{"line":74,"column":0}},"74":{"start":{"line":75,"column":0},"end":{"line":75,"column":26}},"75":{"start":{"line":76,"column":0},"end":{"line":76,"column":92}},"76":{"start":{"line":77,"column":0},"end":{"line":77,"column":22}},"77":{"start":{"line":78,"column":0},"end":{"line":78,"column":61}},"78":{"start":{"line":79,"column":0},"end":{"line":79,"column":64}},"79":{"start":{"line":80,"column":0},"end":{"line":80,"column":45}},"80":{"start":{"line":81,"column":0},"end":{"line":81,"column":67}},"81":{"start":{"line":82,"column":0},"end":{"line":82,"column":7}},"82":{"start":{"line":83,"column":0},"end":{"line":83,"column":0}},"83":{"start":{"line":84,"column":0},"end":{"line":84,"column":63}},"84":{"start":{"line":85,"column":0},"end":{"line":85,"column":41}},"85":{"start":{"line":86,"column":0},"end":{"line":86,"column":5}},"86":{"start":{"line":87,"column":0},"end":{"line":87,"column":0}},"87":{"start":{"line":88,"column":0},"end":{"line":88,"column":89}},"88":{"start":{"line":89,"column":0},"end":{"line":89,"column":41}},"89":{"start":{"line":90,"column":0},"end":{"line":90,"column":26}},"90":{"start":{"line":91,"column":0},"end":{"line":91,"column":66}},"91":{"start":{"line":92,"column":0},"end":{"line":92,"column":33}},"92":{"start":{"line":93,"column":0},"end":{"line":93,"column":63}},"93":{"start":{"line":94,"column":0},"end":{"line":94,"column":10}},"94":{"start":{"line":95,"column":0},"end":{"line":95,"column":7}},"95":{"start":{"line":96,"column":0},"end":{"line":96,"column":56}},"96":{"start":{"line":97,"column":0},"end":{"line":97,"column":5}},"97":{"start":{"line":98,"column":0},"end":{"line":98,"column":57}},"98":{"start":{"line":99,"column":0},"end":{"line":99,"column":3}},"99":{"start":{"line":100,"column":0},"end":{"line":100,"column":0}},"100":{"start":{"line":101,"column":0},"end":{"line":101,"column":5}},"101":{"start":{"line":102,"column":0},"end":{"line":102,"column":34}},"102":{"start":{"line":103,"column":0},"end":{"line":103,"column":16}},"103":{"start":{"line":104,"column":0},"end":{"line":104,"column":15}},"104":{"start":{"line":105,"column":0},"end":{"line":105,"column":5}},"105":{"start":{"line":106,"column":0},"end":{"line":106,"column":59}},"106":{"start":{"line":107,"column":0},"end":{"line":107,"column":35}},"107":{"start":{"line":108,"column":0},"end":{"line":108,"column":14}},"108":{"start":{"line":109,"column":0},"end":{"line":109,"column":28}},"109":{"start":{"line":110,"column":0},"end":{"line":110,"column":37}},"110":{"start":{"line":111,"column":0},"end":{"line":111,"column":5}},"111":{"start":{"line":112,"column":0},"end":{"line":112,"column":0}},"112":{"start":{"line":113,"column":0},"end":{"line":113,"column":44}},"113":{"start":{"line":114,"column":0},"end":{"line":114,"column":36}},"114":{"start":{"line":115,"column":0},"end":{"line":115,"column":3}},"115":{"start":{"line":116,"column":0},"end":{"line":116,"column":0}},"116":{"start":{"line":117,"column":0},"end":{"line":117,"column":22}},"117":{"start":{"line":118,"column":0},"end":{"line":118,"column":22}},"118":{"start":{"line":119,"column":0},"end":{"line":119,"column":3}},"119":{"start":{"line":120,"column":0},"end":{"line":120,"column":0}},"120":{"start":{"line":121,"column":0},"end":{"line":121,"column":5}},"121":{"start":{"line":122,"column":0},"end":{"line":122,"column":36}},"122":{"start":{"line":123,"column":0},"end":{"line":123,"column":21}},"123":{"start":{"line":124,"column":0},"end":{"line":124,"column":24}},"124":{"start":{"line":125,"column":0},"end":{"line":125,"column":5}},"125":{"start":{"line":126,"column":0},"end":{"line":126,"column":53}},"126":{"start":{"line":127,"column":0},"end":{"line":127,"column":41}},"127":{"start":{"line":128,"column":0},"end":{"line":128,"column":50}},"128":{"start":{"line":129,"column":0},"end":{"line":129,"column":13}},"129":{"start":{"line":130,"column":0},"end":{"line":130,"column":5}},"130":{"start":{"line":131,"column":0},"end":{"line":131,"column":31}},"131":{"start":{"line":132,"column":0},"end":{"line":132,"column":3}},"132":{"start":{"line":133,"column":0},"end":{"line":133,"column":0}},"133":{"start":{"line":134,"column":0},"end":{"line":134,"column":42}},"134":{"start":{"line":135,"column":0},"end":{"line":135,"column":12}},"135":{"start":{"line":136,"column":0},"end":{"line":136,"column":24}},"136":{"start":{"line":137,"column":0},"end":{"line":137,"column":11}},"137":{"start":{"line":138,"column":0},"end":{"line":138,"column":6}},"138":{"start":{"line":139,"column":0},"end":{"line":139,"column":3}},"139":{"start":{"line":140,"column":0},"end":{"line":140,"column":0}},"140":{"start":{"line":141,"column":0},"end":{"line":141,"column":42}},"141":{"start":{"line":142,"column":0},"end":{"line":142,"column":12}},"142":{"start":{"line":143,"column":0},"end":{"line":143,"column":24}},"143":{"start":{"line":144,"column":0},"end":{"line":144,"column":11}},"144":{"start":{"line":145,"column":0},"end":{"line":145,"column":6}},"145":{"start":{"line":146,"column":0},"end":{"line":146,"column":3}},"146":{"start":{"line":147,"column":0},"end":{"line":147,"column":0}},"147":{"start":{"line":148,"column":0},"end":{"line":148,"column":39}},"148":{"start":{"line":149,"column":0},"end":{"line":149,"column":12}},"149":{"start":{"line":150,"column":0},"end":{"line":150,"column":21}},"150":{"start":{"line":151,"column":0},"end":{"line":151,"column":11}},"151":{"start":{"line":152,"column":0},"end":{"line":152,"column":6}},"152":{"start":{"line":153,"column":0},"end":{"line":153,"column":3}},"153":{"start":{"line":154,"column":0},"end":{"line":154,"column":0}},"154":{"start":{"line":155,"column":0},"end":{"line":155,"column":43}},"155":{"start":{"line":156,"column":0},"end":{"line":156,"column":12}},"156":{"start":{"line":157,"column":0},"end":{"line":157,"column":22}},"157":{"start":{"line":158,"column":0},"end":{"line":158,"column":11}},"158":{"start":{"line":159,"column":0},"end":{"line":159,"column":6}},"159":{"start":{"line":160,"column":0},"end":{"line":160,"column":3}},"160":{"start":{"line":161,"column":0},"end":{"line":161,"column":1}}},"s":{"0":1,"1":1,"2":1,"3":1,"4":1,"5":1,"6":1,"7":1,"8":1,"9":1,"10":1,"11":1,"12":1,"13":1,"14":1,"15":1,"16":1,"17":1,"18":1,"19":1,"20":1,"21":1,"22":1,"23":1,"24":1,"25":1,"26":10,"27":10,"28":10,"29":10,"30":10,"31":10,"32":10,"33":10,"34":10,"35":10,"36":10,"37":10,"38":10,"39":10,"40":10,"41":10,"42":10,"43":10,"44":10,"45":13,"46":13,"47":13,"48":13,"49":10,"50":10,"51":10,"52":10,"53":10,"54":10,"55":10,"56":18,"57":18,"58":7,"59":7,"60":2,"61":2,"62":5,"63":5,"64":5,"65":5,"66":11,"67":11,"68":18,"69":0,"70":0,"71":0,"72":0,"73":11,"74":11,"75":11,"76":18,"77":0,"78":0,"79":0,"80":0,"81":0,"82":0,"83":0,"84":0,"85":0,"86":11,"87":11,"88":18,"89":8,"90":8,"91":2,"92":2,"93":2,"94":2,"95":6,"96":6,"97":3,"98":3,"99":10,"100":10,"101":10,"102":10,"103":10,"104":10,"105":10,"106":6,"107":6,"108":4,"109":4,"110":4,"111":2,"112":2,"113":2,"114":2,"115":10,"116":10,"117":1,"118":1,"119":10,"120":10,"121":10,"122":10,"123":10,"124":10,"125":10,"126":5,"127":1,"128":1,"129":1,"130":4,"131":4,"132":10,"133":10,"134":4,"135":4,"136":4,"137":4,"138":4,"139":10,"140":10,"141":20,"142":20,"143":20,"144":20,"145":20,"146":10,"147":10,"148":11,"149":11,"150":11,"151":11,"152":11,"153":10,"154":10,"155":2,"156":2,"157":2,"158":2,"159":2,"160":10},"branchMap":{"0":{"type":"branch","line":14,"loc":{"start":{"line":14,"column":24},"end":{"line":14,"column":39}},"locations":[{"start":{"line":14,"column":24},"end":{"line":14,"column":39}}]},"1":{"type":"branch","line":27,"loc":{"start":{"line":27,"column":0},"end":{"line":161,"column":1}},"locations":[{"start":{"line":27,"column":0},"end":{"line":161,"column":1}}]},"2":{"type":"branch","line":27,"loc":{"start":{"line":27,"column":0},"end":{"line":161,"column":1}},"locations":[{"start":{"line":27,"column":0},"end":{"line":161,"column":1}}]},"3":{"type":"branch","line":37,"loc":{"start":{"line":37,"column":2},"end":{"line":40,"column":3}},"locations":[{"start":{"line":37,"column":2},"end":{"line":40,"column":3}}]},"4":{"type":"branch","line":45,"loc":{"start":{"line":45,"column":2},"end":{"line":49,"column":3}},"locations":[{"start":{"line":45,"column":2},"end":{"line":49,"column":3}}]},"5":{"type":"branch","line":56,"loc":{"start":{"line":56,"column":2},"end":{"line":99,"column":3}},"locations":[{"start":{"line":56,"column":2},"end":{"line":99,"column":3}}]},"6":{"type":"branch","line":58,"loc":{"start":{"line":58,"column":13},"end":{"line":66,"column":5}},"locations":[{"start":{"line":58,"column":13},"end":{"line":66,"column":5}}]},"7":{"type":"branch","line":60,"loc":{"start":{"line":60,"column":43},"end":{"line":62,"column":7}},"locations":[{"start":{"line":60,"column":43},"end":{"line":62,"column":7}}]},"8":{"type":"branch","line":63,"loc":{"start":{"line":63,"column":-1},"end":{"line":66,"column":5}},"locations":[{"start":{"line":63,"column":-1},"end":{"line":66,"column":5}}]},"9":{"type":"branch","line":67,"loc":{"start":{"line":67,"column":-1},"end":{"line":69,"column":41}},"locations":[{"start":{"line":67,"column":-1},"end":{"line":69,"column":41}}]},"10":{"type":"branch","line":69,"loc":{"start":{"line":69,"column":41},"end":{"line":73,"column":5}},"locations":[{"start":{"line":69,"column":41},"end":{"line":73,"column":5}}]},"11":{"type":"branch","line":74,"loc":{"start":{"line":74,"column":-1},"end":{"line":77,"column":21}},"locations":[{"start":{"line":74,"column":-1},"end":{"line":77,"column":21}}]},"12":{"type":"branch","line":77,"loc":{"start":{"line":77,"column":21},"end":{"line":86,"column":5}},"locations":[{"start":{"line":77,"column":21},"end":{"line":86,"column":5}}]},"13":{"type":"branch","line":87,"loc":{"start":{"line":87,"column":-1},"end":{"line":89,"column":40}},"locations":[{"start":{"line":87,"column":-1},"end":{"line":89,"column":40}}]},"14":{"type":"branch","line":89,"loc":{"start":{"line":89,"column":40},"end":{"line":97,"column":5}},"locations":[{"start":{"line":89,"column":40},"end":{"line":97,"column":5}}]},"15":{"type":"branch","line":91,"loc":{"start":{"line":91,"column":65},"end":{"line":95,"column":7}},"locations":[{"start":{"line":91,"column":65},"end":{"line":95,"column":7}}]},"16":{"type":"branch","line":96,"loc":{"start":{"line":96,"column":-1},"end":{"line":97,"column":5}},"locations":[{"start":{"line":96,"column":-1},"end":{"line":97,"column":5}}]},"17":{"type":"branch","line":98,"loc":{"start":{"line":98,"column":-1},"end":{"line":99,"column":3}},"locations":[{"start":{"line":98,"column":-1},"end":{"line":99,"column":3}}]},"18":{"type":"branch","line":106,"loc":{"start":{"line":106,"column":2},"end":{"line":115,"column":3}},"locations":[{"start":{"line":106,"column":2},"end":{"line":115,"column":3}}]},"19":{"type":"branch","line":108,"loc":{"start":{"line":108,"column":13},"end":{"line":111,"column":5}},"locations":[{"start":{"line":108,"column":13},"end":{"line":111,"column":5}}]},"20":{"type":"branch","line":112,"loc":{"start":{"line":112,"column":-1},"end":{"line":115,"column":3}},"locations":[{"start":{"line":112,"column":-1},"end":{"line":115,"column":3}}]},"21":{"type":"branch","line":117,"loc":{"start":{"line":117,"column":2},"end":{"line":119,"column":3}},"locations":[{"start":{"line":117,"column":2},"end":{"line":119,"column":3}}]},"22":{"type":"branch","line":126,"loc":{"start":{"line":126,"column":2},"end":{"line":132,"column":3}},"locations":[{"start":{"line":126,"column":2},"end":{"line":132,"column":3}}]},"23":{"type":"branch","line":127,"loc":{"start":{"line":127,"column":21},"end":{"line":127,"column":38}},"locations":[{"start":{"line":127,"column":21},"end":{"line":127,"column":38}}]},"24":{"type":"branch","line":127,"loc":{"start":{"line":127,"column":40},"end":{"line":130,"column":5}},"locations":[{"start":{"line":127,"column":40},"end":{"line":130,"column":5}}]},"25":{"type":"branch","line":131,"loc":{"start":{"line":131,"column":-1},"end":{"line":132,"column":3}},"locations":[{"start":{"line":131,"column":-1},"end":{"line":132,"column":3}}]},"26":{"type":"branch","line":134,"loc":{"start":{"line":134,"column":2},"end":{"line":139,"column":3}},"locations":[{"start":{"line":134,"column":2},"end":{"line":139,"column":3}}]},"27":{"type":"branch","line":141,"loc":{"start":{"line":141,"column":2},"end":{"line":146,"column":3}},"locations":[{"start":{"line":141,"column":2},"end":{"line":146,"column":3}}]},"28":{"type":"branch","line":148,"loc":{"start":{"line":148,"column":2},"end":{"line":153,"column":3}},"locations":[{"start":{"line":148,"column":2},"end":{"line":153,"column":3}}]},"29":{"type":"branch","line":155,"loc":{"start":{"line":155,"column":2},"end":{"line":160,"column":3}},"locations":[{"start":{"line":155,"column":2},"end":{"line":160,"column":3}}]}},"b":{"0":[20],"1":[1],"2":[10],"3":[10],"4":[13],"5":[18],"6":[7],"7":[2],"8":[5],"9":[11],"10":[0],"11":[11],"12":[0],"13":[11],"14":[8],"15":[2],"16":[6],"17":[3],"18":[6],"19":[4],"20":[2],"21":[1],"22":[5],"23":[4],"24":[1],"25":[4],"26":[4],"27":[20],"28":[11],"29":[2]},"fnMap":{"0":{"name":"getInitialFoods","decl":{"start":{"line":14,"column":24},"end":{"line":14,"column":39}},"loc":{"start":{"line":14,"column":24},"end":{"line":14,"column":39}},"line":14},"1":{"name":"Gourmet","decl":{"start":{"line":27,"column":0},"end":{"line":161,"column":1}},"loc":{"start":{"line":27,"column":0},"end":{"line":161,"column":1}},"line":27},"2":{"name":"Object.<anonymous>.Gourmet.init","decl":{"start":{"line":37,"column":2},"end":{"line":40,"column":3}},"loc":{"start":{"line":37,"column":2},"end":{"line":40,"column":3}},"line":37},"3":{"name":"Object.<anonymous>.Gourmet.getFirstQuestion","decl":{"start":{"line":45,"column":2},"end":{"line":49,"column":3}},"loc":{"start":{"line":45,"column":2},"end":{"line":49,"column":3}},"line":45},"4":{"name":"Object.<anonymous>.Gourmet.answerIsSimilarFood","decl":{"start":{"line":56,"column":2},"end":{"line":99,"column":3}},"loc":{"start":{"line":56,"column":2},"end":{"line":99,"column":3}},"line":56},"5":{"name":"Object.<anonymous>.Gourmet.answerIsFood","decl":{"start":{"line":106,"column":2},"end":{"line":115,"column":3}},"loc":{"start":{"line":106,"column":2},"end":{"line":115,"column":3}},"line":106},"6":{"name":"Object.<anonymous>.Gourmet.getFoods","decl":{"start":{"line":117,"column":2},"end":{"line":119,"column":3}},"loc":{"start":{"line":117,"column":2},"end":{"line":119,"column":3}},"line":117},"7":{"name":"Object.<anonymous>.Gourmet.pushSimilarFood","decl":{"start":{"line":126,"column":2},"end":{"line":132,"column":3}},"loc":{"start":{"line":126,"column":2},"end":{"line":132,"column":3}},"line":126},"8":{"name":"Object.<anonymous>.Gourmet.foodFound","decl":{"start":{"line":134,"column":2},"end":{"line":139,"column":3}},"loc":{"start":{"line":134,"column":2},"end":{"line":139,"column":3}},"line":134},"9":{"name":"Object.<anonymous>.Gourmet.isSimilar","decl":{"start":{"line":141,"column":2},"end":{"line":146,"column":3}},"loc":{"start":{"line":141,"column":2},"end":{"line":146,"column":3}},"line":141},"10":{"name":"Object.<anonymous>.Gourmet.isFood","decl":{"start":{"line":148,"column":2},"end":{"line":153,"column":3}},"loc":{"start":{"line":148,"column":2},"end":{"line":153,"column":3}},"line":148},"11":{"name":"Object.<anonymous>.Gourmet.whatIsFood","decl":{"start":{"line":155,"column":2},"end":{"line":160,"column":3}},"loc":{"start":{"line":155,"column":2},"end":{"line":160,"column":3}},"line":155}},"f":{"0":20,"1":10,"2":10,"3":13,"4":18,"5":6,"6":1,"7":5,"8":4,"9":20,"10":11,"11":2}}
}
