{"/home/maurimelo/dev/Gourmet/src/gourmet/index.ts": {"path":"/home/maurimelo/dev/Gourmet/src/gourmet/index.ts","all":false,"statementMap":{"0":{"start":{"line":1,"column":0},"end":{"line":1,"column":23}},"1":{"start":{"line":2,"column":0},"end":{"line":2,"column":16}},"2":{"start":{"line":3,"column":0},"end":{"line":3,"column":15}},"3":{"start":{"line":4,"column":0},"end":{"line":4,"column":15}},"4":{"start":{"line":5,"column":0},"end":{"line":5,"column":18}},"5":{"start":{"line":6,"column":0},"end":{"line":6,"column":1}},"6":{"start":{"line":7,"column":0},"end":{"line":7,"column":0}},"7":{"start":{"line":8,"column":0},"end":{"line":8,"column":27}},"8":{"start":{"line":9,"column":0},"end":{"line":9,"column":58}},"9":{"start":{"line":10,"column":0},"end":{"line":10,"column":13}},"10":{"start":{"line":11,"column":0},"end":{"line":11,"column":1}},"11":{"start":{"line":12,"column":0},"end":{"line":12,"column":0}},"12":{"start":{"line":13,"column":0},"end":{"line":13,"column":41}},"13":{"start":{"line":14,"column":0},"end":{"line":14,"column":39}},"14":{"start":{"line":15,"column":0},"end":{"line":15,"column":3}},"15":{"start":{"line":16,"column":0},"end":{"line":16,"column":20}},"16":{"start":{"line":17,"column":0},"end":{"line":17,"column":18}},"17":{"start":{"line":18,"column":0},"end":{"line":18,"column":16}},"18":{"start":{"line":19,"column":0},"end":{"line":19,"column":4}},"19":{"start":{"line":20,"column":0},"end":{"line":20,"column":3}},"20":{"start":{"line":21,"column":0},"end":{"line":21,"column":30}},"21":{"start":{"line":22,"column":0},"end":{"line":22,"column":17}},"22":{"start":{"line":23,"column":0},"end":{"line":23,"column":16}},"23":{"start":{"line":24,"column":0},"end":{"line":24,"column":4}},"24":{"start":{"line":25,"column":0},"end":{"line":25,"column":2}},"25":{"start":{"line":26,"column":0},"end":{"line":26,"column":0}},"26":{"start":{"line":27,"column":0},"end":{"line":27,"column":30}},"27":{"start":{"line":28,"column":0},"end":{"line":28,"column":44}},"28":{"start":{"line":29,"column":0},"end":{"line":29,"column":0}},"29":{"start":{"line":30,"column":0},"end":{"line":30,"column":35}},"30":{"start":{"line":31,"column":0},"end":{"line":31,"column":0}},"31":{"start":{"line":32,"column":0},"end":{"line":32,"column":32}},"32":{"start":{"line":33,"column":0},"end":{"line":33,"column":0}},"33":{"start":{"line":34,"column":0},"end":{"line":34,"column":5}},"34":{"start":{"line":35,"column":0},"end":{"line":35,"column":81}},"35":{"start":{"line":36,"column":0},"end":{"line":36,"column":5}},"36":{"start":{"line":37,"column":0},"end":{"line":37,"column":17}},"37":{"start":{"line":38,"column":0},"end":{"line":38,"column":35}},"38":{"start":{"line":39,"column":0},"end":{"line":39,"column":35}},"39":{"start":{"line":40,"column":0},"end":{"line":40,"column":3}},"40":{"start":{"line":41,"column":0},"end":{"line":41,"column":0}},"41":{"start":{"line":42,"column":0},"end":{"line":42,"column":5}},"42":{"start":{"line":43,"column":0},"end":{"line":43,"column":32}},"43":{"start":{"line":44,"column":0},"end":{"line":44,"column":5}},"44":{"start":{"line":45,"column":0},"end":{"line":45,"column":29}},"45":{"start":{"line":46,"column":0},"end":{"line":46,"column":23}},"46":{"start":{"line":47,"column":0},"end":{"line":47,"column":26}},"47":{"start":{"line":48,"column":0},"end":{"line":48,"column":44}},"48":{"start":{"line":49,"column":0},"end":{"line":49,"column":3}},"49":{"start":{"line":50,"column":0},"end":{"line":50,"column":0}},"50":{"start":{"line":51,"column":0},"end":{"line":51,"column":5}},"51":{"start":{"line":52,"column":0},"end":{"line":52,"column":69}},"52":{"start":{"line":53,"column":0},"end":{"line":53,"column":21}},"53":{"start":{"line":54,"column":0},"end":{"line":54,"column":23}},"54":{"start":{"line":55,"column":0},"end":{"line":55,"column":5}},"55":{"start":{"line":56,"column":0},"end":{"line":56,"column":66}},"56":{"start":{"line":57,"column":0},"end":{"line":57,"column":33}},"57":{"start":{"line":58,"column":0},"end":{"line":58,"column":14}},"58":{"start":{"line":59,"column":0},"end":{"line":59,"column":53}},"59":{"start":{"line":60,"column":0},"end":{"line":60,"column":44}},"60":{"start":{"line":61,"column":0},"end":{"line":61,"column":66}},"61":{"start":{"line":62,"column":0},"end":{"line":62,"column":7}},"62":{"start":{"line":63,"column":0},"end":{"line":63,"column":0}},"63":{"start":{"line":64,"column":0},"end":{"line":64,"column":38}},"64":{"start":{"line":65,"column":0},"end":{"line":65,"column":34}},"65":{"start":{"line":66,"column":0},"end":{"line":66,"column":5}},"66":{"start":{"line":67,"column":0},"end":{"line":67,"column":0}},"67":{"start":{"line":68,"column":0},"end":{"line":68,"column":26}},"68":{"start":{"line":69,"column":0},"end":{"line":69,"column":92}},"69":{"start":{"line":70,"column":0},"end":{"line":70,"column":22}},"70":{"start":{"line":71,"column":0},"end":{"line":71,"column":61}},"71":{"start":{"line":72,"column":0},"end":{"line":72,"column":64}},"72":{"start":{"line":73,"column":0},"end":{"line":73,"column":45}},"73":{"start":{"line":74,"column":0},"end":{"line":74,"column":67}},"74":{"start":{"line":75,"column":0},"end":{"line":75,"column":7}},"75":{"start":{"line":76,"column":0},"end":{"line":76,"column":0}},"76":{"start":{"line":77,"column":0},"end":{"line":77,"column":63}},"77":{"start":{"line":78,"column":0},"end":{"line":78,"column":41}},"78":{"start":{"line":79,"column":0},"end":{"line":79,"column":5}},"79":{"start":{"line":80,"column":0},"end":{"line":80,"column":0}},"80":{"start":{"line":81,"column":0},"end":{"line":81,"column":89}},"81":{"start":{"line":82,"column":0},"end":{"line":82,"column":41}},"82":{"start":{"line":83,"column":0},"end":{"line":83,"column":26}},"83":{"start":{"line":84,"column":0},"end":{"line":84,"column":66}},"84":{"start":{"line":85,"column":0},"end":{"line":85,"column":33}},"85":{"start":{"line":86,"column":0},"end":{"line":86,"column":63}},"86":{"start":{"line":87,"column":0},"end":{"line":87,"column":10}},"87":{"start":{"line":88,"column":0},"end":{"line":88,"column":7}},"88":{"start":{"line":89,"column":0},"end":{"line":89,"column":56}},"89":{"start":{"line":90,"column":0},"end":{"line":90,"column":5}},"90":{"start":{"line":91,"column":0},"end":{"line":91,"column":57}},"91":{"start":{"line":92,"column":0},"end":{"line":92,"column":3}},"92":{"start":{"line":93,"column":0},"end":{"line":93,"column":0}},"93":{"start":{"line":94,"column":0},"end":{"line":94,"column":5}},"94":{"start":{"line":95,"column":0},"end":{"line":95,"column":34}},"95":{"start":{"line":96,"column":0},"end":{"line":96,"column":16}},"96":{"start":{"line":97,"column":0},"end":{"line":97,"column":15}},"97":{"start":{"line":98,"column":0},"end":{"line":98,"column":5}},"98":{"start":{"line":99,"column":0},"end":{"line":99,"column":59}},"99":{"start":{"line":100,"column":0},"end":{"line":100,"column":35}},"100":{"start":{"line":101,"column":0},"end":{"line":101,"column":14}},"101":{"start":{"line":102,"column":0},"end":{"line":102,"column":28}},"102":{"start":{"line":103,"column":0},"end":{"line":103,"column":37}},"103":{"start":{"line":104,"column":0},"end":{"line":104,"column":5}},"104":{"start":{"line":105,"column":0},"end":{"line":105,"column":0}},"105":{"start":{"line":106,"column":0},"end":{"line":106,"column":44}},"106":{"start":{"line":107,"column":0},"end":{"line":107,"column":36}},"107":{"start":{"line":108,"column":0},"end":{"line":108,"column":3}},"108":{"start":{"line":109,"column":0},"end":{"line":109,"column":0}},"109":{"start":{"line":110,"column":0},"end":{"line":110,"column":22}},"110":{"start":{"line":111,"column":0},"end":{"line":111,"column":22}},"111":{"start":{"line":112,"column":0},"end":{"line":112,"column":3}},"112":{"start":{"line":113,"column":0},"end":{"line":113,"column":0}},"113":{"start":{"line":114,"column":0},"end":{"line":114,"column":5}},"114":{"start":{"line":115,"column":0},"end":{"line":115,"column":36}},"115":{"start":{"line":116,"column":0},"end":{"line":116,"column":21}},"116":{"start":{"line":117,"column":0},"end":{"line":117,"column":24}},"117":{"start":{"line":118,"column":0},"end":{"line":118,"column":5}},"118":{"start":{"line":119,"column":0},"end":{"line":119,"column":53}},"119":{"start":{"line":120,"column":0},"end":{"line":120,"column":41}},"120":{"start":{"line":121,"column":0},"end":{"line":121,"column":72}},"121":{"start":{"line":122,"column":0},"end":{"line":122,"column":13}},"122":{"start":{"line":123,"column":0},"end":{"line":123,"column":5}},"123":{"start":{"line":124,"column":0},"end":{"line":124,"column":31}},"124":{"start":{"line":125,"column":0},"end":{"line":125,"column":3}},"125":{"start":{"line":126,"column":0},"end":{"line":126,"column":0}},"126":{"start":{"line":127,"column":0},"end":{"line":127,"column":42}},"127":{"start":{"line":128,"column":0},"end":{"line":128,"column":12}},"128":{"start":{"line":129,"column":0},"end":{"line":129,"column":24}},"129":{"start":{"line":130,"column":0},"end":{"line":130,"column":11}},"130":{"start":{"line":131,"column":0},"end":{"line":131,"column":6}},"131":{"start":{"line":132,"column":0},"end":{"line":132,"column":3}},"132":{"start":{"line":133,"column":0},"end":{"line":133,"column":0}},"133":{"start":{"line":134,"column":0},"end":{"line":134,"column":42}},"134":{"start":{"line":135,"column":0},"end":{"line":135,"column":12}},"135":{"start":{"line":136,"column":0},"end":{"line":136,"column":24}},"136":{"start":{"line":137,"column":0},"end":{"line":137,"column":11}},"137":{"start":{"line":138,"column":0},"end":{"line":138,"column":6}},"138":{"start":{"line":139,"column":0},"end":{"line":139,"column":3}},"139":{"start":{"line":140,"column":0},"end":{"line":140,"column":0}},"140":{"start":{"line":141,"column":0},"end":{"line":141,"column":39}},"141":{"start":{"line":142,"column":0},"end":{"line":142,"column":12}},"142":{"start":{"line":143,"column":0},"end":{"line":143,"column":21}},"143":{"start":{"line":144,"column":0},"end":{"line":144,"column":11}},"144":{"start":{"line":145,"column":0},"end":{"line":145,"column":6}},"145":{"start":{"line":146,"column":0},"end":{"line":146,"column":3}},"146":{"start":{"line":147,"column":0},"end":{"line":147,"column":0}},"147":{"start":{"line":148,"column":0},"end":{"line":148,"column":43}},"148":{"start":{"line":149,"column":0},"end":{"line":149,"column":12}},"149":{"start":{"line":150,"column":0},"end":{"line":150,"column":22}},"150":{"start":{"line":151,"column":0},"end":{"line":151,"column":11}},"151":{"start":{"line":152,"column":0},"end":{"line":152,"column":6}},"152":{"start":{"line":153,"column":0},"end":{"line":153,"column":3}},"153":{"start":{"line":154,"column":0},"end":{"line":154,"column":1}}},"s":{"0":1,"1":1,"2":1,"3":1,"4":1,"5":1,"6":1,"7":1,"8":1,"9":1,"10":1,"11":1,"12":1,"13":1,"14":1,"15":1,"16":1,"17":1,"18":1,"19":1,"20":1,"21":1,"22":1,"23":1,"24":1,"25":1,"26":11,"27":11,"28":11,"29":11,"30":11,"31":11,"32":11,"33":11,"34":11,"35":11,"36":11,"37":11,"38":11,"39":11,"40":11,"41":11,"42":11,"43":11,"44":11,"45":14,"46":14,"47":14,"48":14,"49":11,"50":11,"51":11,"52":11,"53":11,"54":11,"55":11,"56":20,"57":20,"58":8,"59":8,"60":2,"61":2,"62":6,"63":6,"64":6,"65":6,"66":12,"67":12,"68":12,"69":20,"70":0,"71":0,"72":0,"73":0,"74":0,"75":0,"76":0,"77":0,"78":0,"79":12,"80":12,"81":20,"82":9,"83":9,"84":2,"85":2,"86":2,"87":2,"88":7,"89":7,"90":3,"91":3,"92":11,"93":11,"94":11,"95":11,"96":11,"97":11,"98":11,"99":7,"100":7,"101":4,"102":4,"103":4,"104":3,"105":3,"106":3,"107":3,"108":11,"109":11,"110":1,"111":1,"112":11,"113":11,"114":11,"115":11,"116":11,"117":11,"118":11,"119":6,"120":1,"121":1,"122":1,"123":5,"124":5,"125":11,"126":11,"127":4,"128":4,"129":4,"130":4,"131":4,"132":11,"133":11,"134":21,"135":21,"136":21,"137":21,"138":21,"139":11,"140":11,"141":13,"142":13,"143":13,"144":13,"145":13,"146":11,"147":11,"148":3,"149":3,"150":3,"151":3,"152":3,"153":11},"branchMap":{"0":{"type":"branch","line":14,"loc":{"start":{"line":14,"column":24},"end":{"line":14,"column":39}},"locations":[{"start":{"line":14,"column":24},"end":{"line":14,"column":39}}]},"1":{"type":"branch","line":27,"loc":{"start":{"line":27,"column":0},"end":{"line":154,"column":1}},"locations":[{"start":{"line":27,"column":0},"end":{"line":154,"column":1}}]},"2":{"type":"branch","line":27,"loc":{"start":{"line":27,"column":0},"end":{"line":154,"column":1}},"locations":[{"start":{"line":27,"column":0},"end":{"line":154,"column":1}}]},"3":{"type":"branch","line":37,"loc":{"start":{"line":37,"column":2},"end":{"line":40,"column":3}},"locations":[{"start":{"line":37,"column":2},"end":{"line":40,"column":3}}]},"4":{"type":"branch","line":45,"loc":{"start":{"line":45,"column":2},"end":{"line":49,"column":3}},"locations":[{"start":{"line":45,"column":2},"end":{"line":49,"column":3}}]},"5":{"type":"branch","line":56,"loc":{"start":{"line":56,"column":2},"end":{"line":92,"column":3}},"locations":[{"start":{"line":56,"column":2},"end":{"line":92,"column":3}}]},"6":{"type":"branch","line":58,"loc":{"start":{"line":58,"column":13},"end":{"line":66,"column":5}},"locations":[{"start":{"line":58,"column":13},"end":{"line":66,"column":5}}]},"7":{"type":"branch","line":60,"loc":{"start":{"line":60,"column":43},"end":{"line":62,"column":7}},"locations":[{"start":{"line":60,"column":43},"end":{"line":62,"column":7}}]},"8":{"type":"branch","line":63,"loc":{"start":{"line":63,"column":-1},"end":{"line":66,"column":5}},"locations":[{"start":{"line":63,"column":-1},"end":{"line":66,"column":5}}]},"9":{"type":"branch","line":67,"loc":{"start":{"line":67,"column":-1},"end":{"line":70,"column":21}},"locations":[{"start":{"line":67,"column":-1},"end":{"line":70,"column":21}}]},"10":{"type":"branch","line":70,"loc":{"start":{"line":70,"column":21},"end":{"line":79,"column":5}},"locations":[{"start":{"line":70,"column":21},"end":{"line":79,"column":5}}]},"11":{"type":"branch","line":80,"loc":{"start":{"line":80,"column":-1},"end":{"line":82,"column":40}},"locations":[{"start":{"line":80,"column":-1},"end":{"line":82,"column":40}}]},"12":{"type":"branch","line":82,"loc":{"start":{"line":82,"column":40},"end":{"line":90,"column":5}},"locations":[{"start":{"line":82,"column":40},"end":{"line":90,"column":5}}]},"13":{"type":"branch","line":84,"loc":{"start":{"line":84,"column":65},"end":{"line":88,"column":7}},"locations":[{"start":{"line":84,"column":65},"end":{"line":88,"column":7}}]},"14":{"type":"branch","line":89,"loc":{"start":{"line":89,"column":-1},"end":{"line":90,"column":5}},"locations":[{"start":{"line":89,"column":-1},"end":{"line":90,"column":5}}]},"15":{"type":"branch","line":91,"loc":{"start":{"line":91,"column":-1},"end":{"line":92,"column":3}},"locations":[{"start":{"line":91,"column":-1},"end":{"line":92,"column":3}}]},"16":{"type":"branch","line":99,"loc":{"start":{"line":99,"column":2},"end":{"line":108,"column":3}},"locations":[{"start":{"line":99,"column":2},"end":{"line":108,"column":3}}]},"17":{"type":"branch","line":101,"loc":{"start":{"line":101,"column":13},"end":{"line":104,"column":5}},"locations":[{"start":{"line":101,"column":13},"end":{"line":104,"column":5}}]},"18":{"type":"branch","line":105,"loc":{"start":{"line":105,"column":-1},"end":{"line":108,"column":3}},"locations":[{"start":{"line":105,"column":-1},"end":{"line":108,"column":3}}]},"19":{"type":"branch","line":110,"loc":{"start":{"line":110,"column":2},"end":{"line":112,"column":3}},"locations":[{"start":{"line":110,"column":2},"end":{"line":112,"column":3}}]},"20":{"type":"branch","line":119,"loc":{"start":{"line":119,"column":2},"end":{"line":125,"column":3}},"locations":[{"start":{"line":119,"column":2},"end":{"line":125,"column":3}}]},"21":{"type":"branch","line":120,"loc":{"start":{"line":120,"column":21},"end":{"line":120,"column":38}},"locations":[{"start":{"line":120,"column":21},"end":{"line":120,"column":38}}]},"22":{"type":"branch","line":120,"loc":{"start":{"line":120,"column":40},"end":{"line":123,"column":5}},"locations":[{"start":{"line":120,"column":40},"end":{"line":123,"column":5}}]},"23":{"type":"branch","line":124,"loc":{"start":{"line":124,"column":-1},"end":{"line":125,"column":3}},"locations":[{"start":{"line":124,"column":-1},"end":{"line":125,"column":3}}]},"24":{"type":"branch","line":127,"loc":{"start":{"line":127,"column":2},"end":{"line":132,"column":3}},"locations":[{"start":{"line":127,"column":2},"end":{"line":132,"column":3}}]},"25":{"type":"branch","line":134,"loc":{"start":{"line":134,"column":2},"end":{"line":139,"column":3}},"locations":[{"start":{"line":134,"column":2},"end":{"line":139,"column":3}}]},"26":{"type":"branch","line":141,"loc":{"start":{"line":141,"column":2},"end":{"line":146,"column":3}},"locations":[{"start":{"line":141,"column":2},"end":{"line":146,"column":3}}]},"27":{"type":"branch","line":148,"loc":{"start":{"line":148,"column":2},"end":{"line":153,"column":3}},"locations":[{"start":{"line":148,"column":2},"end":{"line":153,"column":3}}]}},"b":{"0":[22],"1":[1],"2":[11],"3":[11],"4":[14],"5":[20],"6":[8],"7":[2],"8":[6],"9":[12],"10":[0],"11":[12],"12":[9],"13":[2],"14":[7],"15":[3],"16":[7],"17":[4],"18":[3],"19":[1],"20":[6],"21":[5],"22":[1],"23":[5],"24":[4],"25":[21],"26":[13],"27":[3]},"fnMap":{"0":{"name":"getInitialFoods","decl":{"start":{"line":14,"column":24},"end":{"line":14,"column":39}},"loc":{"start":{"line":14,"column":24},"end":{"line":14,"column":39}},"line":14},"1":{"name":"Gourmet","decl":{"start":{"line":27,"column":0},"end":{"line":154,"column":1}},"loc":{"start":{"line":27,"column":0},"end":{"line":154,"column":1}},"line":27},"2":{"name":"Object.<anonymous>.Gourmet.init","decl":{"start":{"line":37,"column":2},"end":{"line":40,"column":3}},"loc":{"start":{"line":37,"column":2},"end":{"line":40,"column":3}},"line":37},"3":{"name":"Object.<anonymous>.Gourmet.getFirstQuestion","decl":{"start":{"line":45,"column":2},"end":{"line":49,"column":3}},"loc":{"start":{"line":45,"column":2},"end":{"line":49,"column":3}},"line":45},"4":{"name":"Object.<anonymous>.Gourmet.answerIsSimilarFood","decl":{"start":{"line":56,"column":2},"end":{"line":92,"column":3}},"loc":{"start":{"line":56,"column":2},"end":{"line":92,"column":3}},"line":56},"5":{"name":"Object.<anonymous>.Gourmet.answerIsFood","decl":{"start":{"line":99,"column":2},"end":{"line":108,"column":3}},"loc":{"start":{"line":99,"column":2},"end":{"line":108,"column":3}},"line":99},"6":{"name":"Object.<anonymous>.Gourmet.getFoods","decl":{"start":{"line":110,"column":2},"end":{"line":112,"column":3}},"loc":{"start":{"line":110,"column":2},"end":{"line":112,"column":3}},"line":110},"7":{"name":"Object.<anonymous>.Gourmet.pushSimilarFood","decl":{"start":{"line":119,"column":2},"end":{"line":125,"column":3}},"loc":{"start":{"line":119,"column":2},"end":{"line":125,"column":3}},"line":119},"8":{"name":"Object.<anonymous>.Gourmet.foodFound","decl":{"start":{"line":127,"column":2},"end":{"line":132,"column":3}},"loc":{"start":{"line":127,"column":2},"end":{"line":132,"column":3}},"line":127},"9":{"name":"Object.<anonymous>.Gourmet.isSimilar","decl":{"start":{"line":134,"column":2},"end":{"line":139,"column":3}},"loc":{"start":{"line":134,"column":2},"end":{"line":139,"column":3}},"line":134},"10":{"name":"Object.<anonymous>.Gourmet.isFood","decl":{"start":{"line":141,"column":2},"end":{"line":146,"column":3}},"loc":{"start":{"line":141,"column":2},"end":{"line":146,"column":3}},"line":141},"11":{"name":"Object.<anonymous>.Gourmet.whatIsFood","decl":{"start":{"line":148,"column":2},"end":{"line":153,"column":3}},"loc":{"start":{"line":148,"column":2},"end":{"line":153,"column":3}},"line":148}},"f":{"0":22,"1":11,"2":11,"3":14,"4":20,"5":7,"6":1,"7":6,"8":4,"9":21,"10":13,"11":3}}
}
