TN:
SF:src/gourmet/index.ts
FN:14,getInitialFoods
FN:27,Gourmet
FN:37,Object.<anonymous>.Gourmet.init
FN:45,Object.<anonymous>.Gourmet.getFirstQuestion
FN:56,Object.<anonymous>.Gourmet.answerIsSimilarFood
FN:106,Object.<anonymous>.Gourmet.answerIsFood
FN:117,Object.<anonymous>.Gourmet.getFoods
FN:126,Object.<anonymous>.Gourmet.pushSimilarFood
FN:134,Object.<anonymous>.Gourmet.foodFound
FN:141,Object.<anonymous>.Gourmet.isSimilar
FN:148,Object.<anonymous>.Gourmet.isFood
FN:155,Object.<anonymous>.Gourmet.whatIsFood
FNF:12
FNH:12
FNDA:20,getInitialFoods
FNDA:10,Gourmet
FNDA:10,Object.<anonymous>.Gourmet.init
FNDA:13,Object.<anonymous>.Gourmet.getFirstQuestion
FNDA:18,Object.<anonymous>.Gourmet.answerIsSimilarFood
FNDA:6,Object.<anonymous>.Gourmet.answerIsFood
FNDA:1,Object.<anonymous>.Gourmet.getFoods
FNDA:5,Object.<anonymous>.Gourmet.pushSimilarFood
FNDA:4,Object.<anonymous>.Gourmet.foodFound
FNDA:20,Object.<anonymous>.Gourmet.isSimilar
FNDA:11,Object.<anonymous>.Gourmet.isFood
FNDA:2,Object.<anonymous>.Gourmet.whatIsFood
DA:1,1
DA:2,1
DA:3,1
DA:4,1
DA:5,1
DA:6,1
DA:7,1
DA:8,1
DA:9,1
DA:10,1
DA:11,1
DA:12,1
DA:13,1
DA:14,1
DA:15,1
DA:16,1
DA:17,1
DA:18,1
DA:19,1
DA:20,1
DA:21,1
DA:22,1
DA:23,1
DA:24,1
DA:25,1
DA:26,1
DA:27,10
DA:28,10
DA:29,10
DA:30,10
DA:31,10
DA:32,10
DA:33,10
DA:34,10
DA:35,10
DA:36,10
DA:37,10
DA:38,10
DA:39,10
DA:40,10
DA:41,10
DA:42,10
DA:43,10
DA:44,10
DA:45,10
DA:46,13
DA:47,13
DA:48,13
DA:49,13
DA:50,10
DA:51,10
DA:52,10
DA:53,10
DA:54,10
DA:55,10
DA:56,10
DA:57,18
DA:58,18
DA:59,7
DA:60,7
DA:61,2
DA:62,2
DA:63,5
DA:64,5
DA:65,5
DA:66,5
DA:67,11
DA:68,11
DA:69,18
DA:70,0
DA:71,0
DA:72,0
DA:73,0
DA:74,11
DA:75,11
DA:76,11
DA:77,18
DA:78,0
DA:79,0
DA:80,0
DA:81,0
DA:82,0
DA:83,0
DA:84,0
DA:85,0
DA:86,0
DA:87,11
DA:88,11
DA:89,18
DA:90,8
DA:91,8
DA:92,2
DA:93,2
DA:94,2
DA:95,2
DA:96,6
DA:97,6
DA:98,3
DA:99,3
DA:100,10
DA:101,10
DA:102,10
DA:103,10
DA:104,10
DA:105,10
DA:106,10
DA:107,6
DA:108,6
DA:109,4
DA:110,4
DA:111,4
DA:112,2
DA:113,2
DA:114,2
DA:115,2
DA:116,10
DA:117,10
DA:118,1
DA:119,1
DA:120,10
DA:121,10
DA:122,10
DA:123,10
DA:124,10
DA:125,10
DA:126,10
DA:127,5
DA:128,1
DA:129,1
DA:130,1
DA:131,4
DA:132,4
DA:133,10
DA:134,10
DA:135,4
DA:136,4
DA:137,4
DA:138,4
DA:139,4
DA:140,10
DA:141,10
DA:142,20
DA:143,20
DA:144,20
DA:145,20
DA:146,20
DA:147,10
DA:148,10
DA:149,11
DA:150,11
DA:151,11
DA:152,11
DA:153,11
DA:154,10
DA:155,10
DA:156,2
DA:157,2
DA:158,2
DA:159,2
DA:160,2
DA:161,10
LF:161
LH:148
BRDA:14,0,0,20
BRDA:27,1,0,1
BRDA:27,2,0,10
BRDA:37,3,0,10
BRDA:45,4,0,13
BRDA:56,5,0,18
BRDA:58,6,0,7
BRDA:60,7,0,2
BRDA:63,8,0,5
BRDA:67,9,0,11
BRDA:69,10,0,0
BRDA:74,11,0,11
BRDA:77,12,0,0
BRDA:87,13,0,11
BRDA:89,14,0,8
BRDA:91,15,0,2
BRDA:96,16,0,6
BRDA:98,17,0,3
BRDA:106,18,0,6
BRDA:108,19,0,4
BRDA:112,20,0,2
BRDA:117,21,0,1
BRDA:126,22,0,5
BRDA:127,23,0,4
BRDA:127,24,0,1
BRDA:131,25,0,4
BRDA:134,26,0,4
BRDA:141,27,0,20
BRDA:148,28,0,11
BRDA:155,29,0,2
BRF:30
BRH:28
end_of_record
