TN:
SF:src/gourmet/index.ts
FN:14,getInitialFoods
FN:27,Gourmet
FN:37,Object.<anonymous>.Gourmet.init
FN:45,Object.<anonymous>.Gourmet.getFirstQuestion
FN:56,Object.<anonymous>.Gourmet.answerIsSimilarFood
FN:99,Object.<anonymous>.Gourmet.answerIsFood
FN:110,Object.<anonymous>.Gourmet.getFoods
FN:119,Object.<anonymous>.Gourmet.pushSimilarFood
FN:127,Object.<anonymous>.Gourmet.foodFound
FN:134,Object.<anonymous>.Gourmet.isSimilar
FN:141,Object.<anonymous>.Gourmet.isFood
FN:148,Object.<anonymous>.Gourmet.whatIsFood
FNF:12
FNH:12
FNDA:22,getInitialFoods
FNDA:11,Gourmet
FNDA:11,Object.<anonymous>.Gourmet.init
FNDA:14,Object.<anonymous>.Gourmet.getFirstQuestion
FNDA:20,Object.<anonymous>.Gourmet.answerIsSimilarFood
FNDA:7,Object.<anonymous>.Gourmet.answerIsFood
FNDA:1,Object.<anonymous>.Gourmet.getFoods
FNDA:6,Object.<anonymous>.Gourmet.pushSimilarFood
FNDA:4,Object.<anonymous>.Gourmet.foodFound
FNDA:21,Object.<anonymous>.Gourmet.isSimilar
FNDA:13,Object.<anonymous>.Gourmet.isFood
FNDA:3,Object.<anonymous>.Gourmet.whatIsFood
DA:1,1
DA:2,1
DA:3,1
DA:4,1
DA:5,1
DA:6,1
DA:7,1
DA:8,1
DA:9,1
DA:10,1
DA:11,1
DA:12,1
DA:13,1
DA:14,1
DA:15,1
DA:16,1
DA:17,1
DA:18,1
DA:19,1
DA:20,1
DA:21,1
DA:22,1
DA:23,1
DA:24,1
DA:25,1
DA:26,1
DA:27,11
DA:28,11
DA:29,11
DA:30,11
DA:31,11
DA:32,11
DA:33,11
DA:34,11
DA:35,11
DA:36,11
DA:37,11
DA:38,11
DA:39,11
DA:40,11
DA:41,11
DA:42,11
DA:43,11
DA:44,11
DA:45,11
DA:46,14
DA:47,14
DA:48,14
DA:49,14
DA:50,11
DA:51,11
DA:52,11
DA:53,11
DA:54,11
DA:55,11
DA:56,11
DA:57,20
DA:58,20
DA:59,8
DA:60,8
DA:61,2
DA:62,2
DA:63,6
DA:64,6
DA:65,6
DA:66,6
DA:67,12
DA:68,12
DA:69,12
DA:70,20
DA:71,0
DA:72,0
DA:73,0
DA:74,0
DA:75,0
DA:76,0
DA:77,0
DA:78,0
DA:79,0
DA:80,12
DA:81,12
DA:82,20
DA:83,9
DA:84,9
DA:85,2
DA:86,2
DA:87,2
DA:88,2
DA:89,7
DA:90,7
DA:91,3
DA:92,3
DA:93,11
DA:94,11
DA:95,11
DA:96,11
DA:97,11
DA:98,11
DA:99,11
DA:100,7
DA:101,7
DA:102,4
DA:103,4
DA:104,4
DA:105,3
DA:106,3
DA:107,3
DA:108,3
DA:109,11
DA:110,11
DA:111,1
DA:112,1
DA:113,11
DA:114,11
DA:115,11
DA:116,11
DA:117,11
DA:118,11
DA:119,11
DA:120,6
DA:121,1
DA:122,1
DA:123,1
DA:124,5
DA:125,5
DA:126,11
DA:127,11
DA:128,4
DA:129,4
DA:130,4
DA:131,4
DA:132,4
DA:133,11
DA:134,11
DA:135,21
DA:136,21
DA:137,21
DA:138,21
DA:139,21
DA:140,11
DA:141,11
DA:142,13
DA:143,13
DA:144,13
DA:145,13
DA:146,13
DA:147,11
DA:148,11
DA:149,3
DA:150,3
DA:151,3
DA:152,3
DA:153,3
DA:154,11
LF:154
LH:145
BRDA:14,0,0,22
BRDA:27,1,0,1
BRDA:27,2,0,11
BRDA:37,3,0,11
BRDA:45,4,0,14
BRDA:56,5,0,20
BRDA:58,6,0,8
BRDA:60,7,0,2
BRDA:63,8,0,6
BRDA:67,9,0,12
BRDA:70,10,0,0
BRDA:80,11,0,12
BRDA:82,12,0,9
BRDA:84,13,0,2
BRDA:89,14,0,7
BRDA:91,15,0,3
BRDA:99,16,0,7
BRDA:101,17,0,4
BRDA:105,18,0,3
BRDA:110,19,0,1
BRDA:119,20,0,6
BRDA:120,21,0,5
BRDA:120,22,0,1
BRDA:124,23,0,5
BRDA:127,24,0,4
BRDA:134,25,0,21
BRDA:141,26,0,13
BRDA:148,27,0,3
BRF:28
BRH:27
end_of_record
